<?xml version="1.0" encoding="UTF-8"?>
<coverage generated="1508693442719" clover="3.2.0">
  <project timestamp="1508693442719" name="All files">
    <metrics statements="41" coveredstatements="33" conditionals="36" coveredconditionals="30" methods="17" coveredmethods="12" elements="94" coveredelements="75" complexity="0" loc="41" ncloc="41" packages="5" files="6" classes="6">
      <package name="mock">
        <metrics statements="2" coveredstatements="1" conditionals="0" coveredconditionals="0" methods="0" coveredmethods="0"/>
        <file name="css.js" path="/srv/http/test-deezer/mock/css.js">
          <metrics statements="2" coveredstatements="1" conditionals="0" coveredconditionals="0" methods="0" coveredmethods="0"/>
          <line num="1" count="4" type="stmt"/>
          <line num="3" count="0" type="stmt"/>
        </file>
      </package>
      <package name="src.components.button">
        <metrics statements="5" coveredstatements="5" conditionals="2" coveredconditionals="2" methods="1" coveredmethods="1"/>
        <file name="index.js" path="/srv/http/test-deezer/src/components/button/index.js">
          <metrics statements="5" coveredstatements="5" conditionals="2" coveredconditionals="2" methods="1" coveredmethods="1"/>
          <line num="6" count="4" type="stmt"/>
          <line num="7" count="4" type="stmt"/>
          <line num="8" count="4" type="cond" truecount="2" falsecount="0"/>
          <line num="9" count="3" type="stmt"/>
          <line num="12" count="4" type="stmt"/>
        </file>
      </package>
      <package name="src.components.datagrid">
        <metrics statements="30" coveredstatements="23" conditionals="34" coveredconditionals="28" methods="14" coveredmethods="9"/>
        <file name="index.js" path="/srv/http/test-deezer/src/components/datagrid/index.js">
          <metrics statements="15" coveredstatements="8" conditionals="22" coveredconditionals="17" methods="11" coveredmethods="6"/>
          <line num="19" count="1" type="stmt"/>
          <line num="23" count="0" type="stmt"/>
          <line num="24" count="0" type="stmt"/>
          <line num="28" count="0" type="stmt"/>
          <line num="29" count="0" type="stmt"/>
          <line num="33" count="0" type="stmt"/>
          <line num="37" count="1" type="stmt"/>
          <line num="38" count="1" type="stmt"/>
          <line num="40" count="1" type="stmt"/>
          <line num="45" count="3" type="stmt"/>
          <line num="49" count="0" type="cond" truecount="1" falsecount="1"/>
          <line num="50" count="0" type="cond" truecount="1" falsecount="1"/>
          <line num="58" count="1" type="stmt"/>
          <line num="60" count="1" type="stmt"/>
          <line num="63" count="3" type="stmt"/>
        </file>
        <file name="itemHeader.js" path="/srv/http/test-deezer/src/components/datagrid/itemHeader.js">
          <metrics statements="15" coveredstatements="15" conditionals="12" coveredconditionals="11" methods="3" coveredmethods="3"/>
          <line num="14" count="3" type="cond" truecount="3" falsecount="1"/>
          <line num="15" count="3" type="stmt"/>
          <line num="17" count="3" type="cond" truecount="2" falsecount="0"/>
          <line num="18" count="1" type="stmt"/>
          <line num="19" count="2" type="cond" truecount="2" falsecount="0"/>
          <line num="20" count="1" type="stmt"/>
          <line num="22" count="1" type="stmt"/>
          <line num="25" count="3" type="stmt"/>
          <line num="26" count="3" type="stmt"/>
          <line num="37" count="9" type="stmt"/>
          <line num="39" count="9" type="stmt"/>
          <line num="41" count="9" type="stmt"/>
          <line num="42" count="9" type="cond" truecount="2" falsecount="0"/>
          <line num="43" count="1" type="stmt"/>
          <line num="46" count="9" type="stmt"/>
        </file>
      </package>
      <package name="src.components.input">
        <metrics statements="2" coveredstatements="2" conditionals="0" coveredconditionals="0" methods="1" coveredmethods="1"/>
        <file name="index.js" path="/srv/http/test-deezer/src/components/input/index.js">
          <metrics statements="2" coveredstatements="2" conditionals="0" coveredconditionals="0" methods="1" coveredmethods="1"/>
          <line num="12" count="3" type="stmt"/>
          <line num="13" count="3" type="stmt"/>
        </file>
      </package>
      <package name="src.components.search">
        <metrics statements="2" coveredstatements="2" conditionals="0" coveredconditionals="0" methods="1" coveredmethods="1"/>
        <file name="index.js" path="/srv/http/test-deezer/src/components/search/index.js">
          <metrics statements="2" coveredstatements="2" conditionals="0" coveredconditionals="0" methods="1" coveredmethods="1"/>
          <line num="10" count="2" type="stmt"/>
          <line num="11" count="2" type="stmt"/>
        </file>
      </package>
    </metrics>
  </project>
</coverage>
