{"/var/www/deezer/mock/css.js": {"path":"/var/www/deezer/mock/css.js","statementMap":{"0":{"start":{"line":1,"column":0},"end":{"line":5,"column":1}},"1":{"start":{"line":3,"column":4},"end":{"line":3,"column":13}}},"fnMap":{},"branchMap":{},"s":{"0":4,"1":0},"f":{},"b":{},"_coverageSchema":"332fd63041d2c1bcb487cc26dd0d5f7d97098a6c","hash":"49ea844ad6235f2bba6f9bf3f4ae6f95407a1035"}
,"/var/www/deezer/src/components/button/index.js": {"path":"/var/www/deezer/src/components/button/index.js","statementMap":{"0":{"start":{"line":6,"column":39},"end":{"line":6,"column":49}},"1":{"start":{"line":7,"column":20},"end":{"line":7,"column":25}},"2":{"start":{"line":8,"column":4},"end":{"line":10,"column":5}},"3":{"start":{"line":9,"column":6},"end":{"line":9,"column":33}},"4":{"start":{"line":12,"column":4},"end":{"line":14,"column":5}}},"fnMap":{"0":{"name":"(anonymous_0)","decl":{"start":{"line":5,"column":2},"end":{"line":5,"column":3}},"loc":{"start":{"line":5,"column":11},"end":{"line":15,"column":3}},"line":5}},"branchMap":{"0":{"loc":{"start":{"line":8,"column":4},"end":{"line":10,"column":5}},"type":"if","locations":[{"start":{"line":8,"column":4},"end":{"line":10,"column":5}},{"start":{"line":8,"column":4},"end":{"line":10,"column":5}}],"line":8}},"s":{"0":4,"1":4,"2":4,"3":3,"4":4},"f":{"0":4},"b":{"0":[3,1]},"_coverageSchema":"332fd63041d2c1bcb487cc26dd0d5f7d97098a6c","hash":"dd855840bada005f2f032ad8501abbe17fd526a9"}
,"/var/www/deezer/src/components/datagrid/index.js": {"path":"/var/www/deezer/src/components/datagrid/index.js","statementMap":{"0":{"start":{"line":19,"column":4},"end":{"line":19,"column":39}},"1":{"start":{"line":23,"column":4},"end":{"line":23,"column":52}},"2":{"start":{"line":24,"column":4},"end":{"line":24,"column":52}},"3":{"start":{"line":28,"column":4},"end":{"line":28,"column":25}},"4":{"start":{"line":29,"column":4},"end":{"line":29,"column":55}},"5":{"start":{"line":33,"column":4},"end":{"line":33,"column":81}},"6":{"start":{"line":37,"column":64},"end":{"line":37,"column":74}},"7":{"start":{"line":38,"column":21},"end":{"line":38,"column":34}},"8":{"start":{"line":40,"column":4},"end":{"line":82,"column":6}},"9":{"start":{"line":45,"column":14},"end":{"line":54,"column":15}},"10":{"start":{"line":49,"column":46},"end":{"line":49,"column":66}},"11":{"start":{"line":50,"column":47},"end":{"line":50,"column":86}},"12":{"start":{"line":58,"column":27},"end":{"line":58,"column":40}},"13":{"start":{"line":60,"column":12},"end":{"line":72,"column":13}},"14":{"start":{"line":63,"column":18},"end":{"line":69,"column":19}}},"fnMap":{"0":{"name":"(anonymous_0)","decl":{"start":{"line":18,"column":2},"end":{"line":18,"column":3}},"loc":{"start":{"line":18,"column":23},"end":{"line":20,"column":3}},"line":18},"1":{"name":"(anonymous_1)","decl":{"start":{"line":22,"column":11},"end":{"line":22,"column":12}},"loc":{"start":{"line":22,"column":18},"end":{"line":25,"column":3}},"line":22},"2":{"name":"(anonymous_2)","decl":{"start":{"line":27,"column":12},"end":{"line":27,"column":13}},"loc":{"start":{"line":27,"column":18},"end":{"line":30,"column":3}},"line":27},"3":{"name":"(anonymous_3)","decl":{"start":{"line":32,"column":9},"end":{"line":32,"column":10}},"loc":{"start":{"line":32,"column":16},"end":{"line":34,"column":3}},"line":32},"4":{"name":"(anonymous_4)","decl":{"start":{"line":36,"column":2},"end":{"line":36,"column":3}},"loc":{"start":{"line":36,"column":11},"end":{"line":83,"column":3}},"line":36},"5":{"name":"(anonymous_5)","decl":{"start":{"line":44,"column":24},"end":{"line":44,"column":25}},"loc":{"start":{"line":44,"column":37},"end":{"line":55,"column":13}},"line":44},"6":{"name":"(anonymous_6)","decl":{"start":{"line":49,"column":36},"end":{"line":49,"column":37}},"loc":{"start":{"line":49,"column":46},"end":{"line":49,"column":66}},"line":49},"7":{"name":"(anonymous_7)","decl":{"start":{"line":50,"column":40},"end":{"line":50,"column":41}},"loc":{"start":{"line":50,"column":47},"end":{"line":50,"column":86}},"line":50},"8":{"name":"(anonymous_8)","decl":{"start":{"line":58,"column":20},"end":{"line":58,"column":21}},"loc":{"start":{"line":58,"column":27},"end":{"line":58,"column":40}},"line":58},"9":{"name":"(anonymous_9)","decl":{"start":{"line":59,"column":53},"end":{"line":59,"column":54}},"loc":{"start":{"line":59,"column":66},"end":{"line":73,"column":11}},"line":59},"10":{"name":"(anonymous_10)","decl":{"start":{"line":62,"column":28},"end":{"line":62,"column":29}},"loc":{"start":{"line":62,"column":41},"end":{"line":70,"column":17}},"line":62}},"branchMap":{"0":{"loc":{"start":{"line":49,"column":24},"end":{"line":49,"column":73}},"type":"cond-expr","locations":[{"start":{"line":49,"column":36},"end":{"line":49,"column":66}},{"start":{"line":49,"column":69},"end":{"line":49,"column":73}}],"line":49},"1":{"loc":{"start":{"line":50,"column":26},"end":{"line":50,"column":93}},"type":"cond-expr","locations":[{"start":{"line":50,"column":40},"end":{"line":50,"column":86}},{"start":{"line":50,"column":89},"end":{"line":50,"column":93}}],"line":50},"2":{"loc":{"start":{"line":51,"column":16},"end":{"line":53,"column":24}},"type":"cond-expr","locations":[{"start":{"line":52,"column":20},"end":{"line":52,"column":91}},{"start":{"line":53,"column":20},"end":{"line":53,"column":24}}],"line":51},"3":{"loc":{"start":{"line":59,"column":11},"end":{"line":73,"column":12}},"type":"binary-expr","locations":[{"start":{"line":59,"column":11},"end":{"line":59,"column":34}},{"start":{"line":59,"column":38},"end":{"line":73,"column":12}}],"line":59},"4":{"loc":{"start":{"line":65,"column":23},"end":{"line":65,"column":51}},"type":"binary-expr","locations":[{"start":{"line":65,"column":23},"end":{"line":65,"column":33}},{"start":{"line":65,"column":37},"end":{"line":65,"column":51}}],"line":65},"5":{"loc":{"start":{"line":66,"column":23},"end":{"line":66,"column":74}},"type":"binary-expr","locations":[{"start":{"line":66,"column":23},"end":{"line":66,"column":42}},{"start":{"line":66,"column":46},"end":{"line":66,"column":74}}],"line":66},"6":{"loc":{"start":{"line":68,"column":20},"end":{"line":68,"column":109}},"type":"cond-expr","locations":[{"start":{"line":68,"column":45},"end":{"line":68,"column":102}},{"start":{"line":68,"column":105},"end":{"line":68,"column":109}}],"line":68},"7":{"loc":{"start":{"line":75,"column":11},"end":{"line":75,"column":94}},"type":"binary-expr","locations":[{"start":{"line":75,"column":11},"end":{"line":75,"column":18}},{"start":{"line":75,"column":22},"end":{"line":75,"column":94}}],"line":75},"8":{"loc":{"start":{"line":77,"column":11},"end":{"line":77,"column":107}},"type":"binary-expr","locations":[{"start":{"line":77,"column":11},"end":{"line":77,"column":17}},{"start":{"line":77,"column":21},"end":{"line":77,"column":107}}],"line":77},"9":{"loc":{"start":{"line":79,"column":11},"end":{"line":79,"column":148}},"type":"binary-expr","locations":[{"start":{"line":79,"column":11},"end":{"line":79,"column":19}},{"start":{"line":79,"column":23},"end":{"line":79,"column":30}},{"start":{"line":79,"column":34},"end":{"line":79,"column":52}},{"start":{"line":79,"column":56},"end":{"line":79,"column":148}}],"line":79}},"s":{"0":5,"1":2,"2":2,"3":1,"4":1,"5":1,"6":5,"7":5,"8":5,"9":15,"10":0,"11":0,"12":5,"13":6,"14":18},"f":{"0":5,"1":2,"2":1,"3":1,"4":5,"5":15,"6":0,"7":0,"8":5,"9":6,"10":18},"b":{"0":[0,15],"1":[0,15],"2":[10,5],"3":[5,2],"4":[18,12],"5":[18,6],"6":[12,6],"7":[5,1],"8":[5,1],"9":[5,4,3,1]},"_coverageSchema":"332fd63041d2c1bcb487cc26dd0d5f7d97098a6c","hash":"06a6b14d43bbabfb51c0d735cb84cfc3e1ed925a"}
,"/var/www/deezer/src/components/datagrid/itemHeader.js": {"path":"/var/www/deezer/src/components/datagrid/itemHeader.js","statementMap":{"0":{"start":{"line":14,"column":4},"end":{"line":27,"column":5}},"1":{"start":{"line":15,"column":22},"end":{"line":15,"column":42}},"2":{"start":{"line":17,"column":6},"end":{"line":23,"column":7}},"3":{"start":{"line":18,"column":8},"end":{"line":18,"column":26}},"4":{"start":{"line":19,"column":13},"end":{"line":23,"column":7}},"5":{"start":{"line":20,"column":8},"end":{"line":20,"column":25}},"6":{"start":{"line":22,"column":8},"end":{"line":22,"column":26}},"7":{"start":{"line":25,"column":6},"end":{"line":25,"column":33}},"8":{"start":{"line":26,"column":6},"end":{"line":26,"column":35}},"9":{"start":{"line":37,"column":8},"end":{"line":37,"column":18}},"10":{"start":{"line":39,"column":24},"end":{"line":39,"column":34}},"11":{"start":{"line":41,"column":16},"end":{"line":41,"column":18}},"12":{"start":{"line":42,"column":4},"end":{"line":44,"column":5}},"13":{"start":{"line":43,"column":6},"end":{"line":43,"column":26}},"14":{"start":{"line":46,"column":4},"end":{"line":53,"column":5}}},"fnMap":{"0":{"name":"(anonymous_0)","decl":{"start":{"line":6,"column":10},"end":{"line":6,"column":11}},"loc":{"start":{"line":6,"column":14},"end":{"line":6,"column":16}},"line":6},"1":{"name":"(anonymous_1)","decl":{"start":{"line":13,"column":10},"end":{"line":13,"column":11}},"loc":{"start":{"line":13,"column":17},"end":{"line":28,"column":3}},"line":13},"2":{"name":"(anonymous_2)","decl":{"start":{"line":30,"column":2},"end":{"line":30,"column":3}},"loc":{"start":{"line":30,"column":11},"end":{"line":54,"column":3}},"line":30}},"branchMap":{"0":{"loc":{"start":{"line":14,"column":4},"end":{"line":27,"column":5}},"type":"if","locations":[{"start":{"line":14,"column":4},"end":{"line":27,"column":5}},{"start":{"line":14,"column":4},"end":{"line":27,"column":5}}],"line":14},"1":{"loc":{"start":{"line":14,"column":8},"end":{"line":14,"column":55}},"type":"binary-expr","locations":[{"start":{"line":14,"column":8},"end":{"line":14,"column":23}},{"start":{"line":14,"column":27},"end":{"line":14,"column":55}}],"line":14},"2":{"loc":{"start":{"line":17,"column":6},"end":{"line":23,"column":7}},"type":"if","locations":[{"start":{"line":17,"column":6},"end":{"line":23,"column":7}},{"start":{"line":17,"column":6},"end":{"line":23,"column":7}}],"line":17},"3":{"loc":{"start":{"line":19,"column":13},"end":{"line":23,"column":7}},"type":"if","locations":[{"start":{"line":19,"column":13},"end":{"line":23,"column":7}},{"start":{"line":19,"column":13},"end":{"line":23,"column":7}}],"line":19},"4":{"loc":{"start":{"line":42,"column":4},"end":{"line":44,"column":5}},"type":"if","locations":[{"start":{"line":42,"column":4},"end":{"line":44,"column":5}},{"start":{"line":42,"column":4},"end":{"line":44,"column":5}}],"line":42},"5":{"loc":{"start":{"line":50,"column":11},"end":{"line":50,"column":96}},"type":"binary-expr","locations":[{"start":{"line":50,"column":11},"end":{"line":50,"column":17}},{"start":{"line":50,"column":21},"end":{"line":50,"column":96}}],"line":50}},"s":{"0":3,"1":3,"2":3,"3":1,"4":2,"5":1,"6":1,"7":3,"8":3,"9":21,"10":21,"11":21,"12":21,"13":5,"14":21},"f":{"0":3,"1":3,"2":21},"b":{"0":[3,0],"1":[3,3],"2":[1,2],"3":[1,1],"4":[5,16],"5":[21,1]},"_coverageSchema":"332fd63041d2c1bcb487cc26dd0d5f7d97098a6c","hash":"6367dea813886775e3cea81ad02eaf0747942469"}
,"/var/www/deezer/src/components/input/index.js": {"path":"/var/www/deezer/src/components/input/index.js","statementMap":{"0":{"start":{"line":12,"column":48},"end":{"line":12,"column":58}},"1":{"start":{"line":13,"column":4},"end":{"line":15,"column":5}}},"fnMap":{"0":{"name":"(anonymous_0)","decl":{"start":{"line":11,"column":2},"end":{"line":11,"column":3}},"loc":{"start":{"line":11,"column":11},"end":{"line":16,"column":3}},"line":11}},"branchMap":{},"s":{"0":3,"1":3},"f":{"0":3},"b":{},"_coverageSchema":"332fd63041d2c1bcb487cc26dd0d5f7d97098a6c","hash":"20a4d4e4ba0d40f9026aba514fd44d59c5caffb1"}
,"/var/www/deezer/src/components/search/index.js": {"path":"/var/www/deezer/src/components/search/index.js","statementMap":{"0":{"start":{"line":10,"column":21},"end":{"line":10,"column":31}},"1":{"start":{"line":11,"column":4},"end":{"line":16,"column":6}}},"fnMap":{"0":{"name":"(anonymous_0)","decl":{"start":{"line":9,"column":2},"end":{"line":9,"column":3}},"loc":{"start":{"line":9,"column":11},"end":{"line":17,"column":3}},"line":9}},"branchMap":{},"s":{"0":2,"1":2},"f":{"0":2},"b":{},"_coverageSchema":"332fd63041d2c1bcb487cc26dd0d5f7d97098a6c","hash":"78e2d9482f625e5bb45964f2127dcf736ca44844"}
}
