TN:
SF:/var/www/deezer/mock/css.js
FNF:0
FNH:0
DA:1,4
DA:3,0
LF:2
LH:1
BRF:0
BRH:0
end_of_record
TN:
SF:/var/www/deezer/src/components/button/index.js
FN:5,(anonymous_0)
FNF:1
FNH:1
FNDA:4,(anonymous_0)
DA:6,4
DA:7,4
DA:8,4
DA:9,3
DA:12,4
LF:5
LH:5
BRDA:8,0,0,3
BRDA:8,0,1,1
BRF:2
BRH:2
end_of_record
TN:
SF:/var/www/deezer/src/components/datagrid/index.js
FN:18,(anonymous_0)
FN:22,(anonymous_1)
FN:27,(anonymous_2)
FN:32,(anonymous_3)
FN:36,(anonymous_4)
FN:44,(anonymous_5)
FN:49,(anonymous_6)
FN:50,(anonymous_7)
FN:58,(anonymous_8)
FN:59,(anonymous_9)
FN:62,(anonymous_10)
FNF:11
FNH:9
FNDA:5,(anonymous_0)
FNDA:2,(anonymous_1)
FNDA:1,(anonymous_2)
FNDA:1,(anonymous_3)
FNDA:5,(anonymous_4)
FNDA:15,(anonymous_5)
FNDA:0,(anonymous_6)
FNDA:0,(anonymous_7)
FNDA:5,(anonymous_8)
FNDA:6,(anonymous_9)
FNDA:18,(anonymous_10)
DA:19,5
DA:23,2
DA:24,2
DA:28,1
DA:29,1
DA:33,1
DA:37,5
DA:38,5
DA:40,5
DA:45,15
DA:49,0
DA:50,0
DA:58,5
DA:60,6
DA:63,18
LF:15
LH:13
BRDA:49,0,0,0
BRDA:49,0,1,15
BRDA:50,1,0,0
BRDA:50,1,1,15
BRDA:51,2,0,10
BRDA:51,2,1,5
BRDA:59,3,0,5
BRDA:59,3,1,2
BRDA:65,4,0,18
BRDA:65,4,1,12
BRDA:66,5,0,18
BRDA:66,5,1,6
BRDA:68,6,0,12
BRDA:68,6,1,6
BRDA:75,7,0,5
BRDA:75,7,1,1
BRDA:77,8,0,5
BRDA:77,8,1,1
BRDA:79,9,0,5
BRDA:79,9,1,4
BRDA:79,9,2,3
BRDA:79,9,3,1
BRF:22
BRH:20
end_of_record
TN:
SF:/var/www/deezer/src/components/datagrid/itemHeader.js
FN:6,(anonymous_0)
FN:13,(anonymous_1)
FN:30,(anonymous_2)
FNF:3
FNH:3
FNDA:3,(anonymous_0)
FNDA:3,(anonymous_1)
FNDA:21,(anonymous_2)
DA:14,3
DA:15,3
DA:17,3
DA:18,1
DA:19,2
DA:20,1
DA:22,1
DA:25,3
DA:26,3
DA:37,21
DA:39,21
DA:41,21
DA:42,21
DA:43,5
DA:46,21
LF:15
LH:15
BRDA:14,0,0,3
BRDA:14,0,1,0
BRDA:14,1,0,3
BRDA:14,1,1,3
BRDA:17,2,0,1
BRDA:17,2,1,2
BRDA:19,3,0,1
BRDA:19,3,1,1
BRDA:42,4,0,5
BRDA:42,4,1,16
BRDA:50,5,0,21
BRDA:50,5,1,1
BRF:12
BRH:11
end_of_record
TN:
SF:/var/www/deezer/src/components/input/index.js
FN:11,(anonymous_0)
FNF:1
FNH:1
FNDA:3,(anonymous_0)
DA:12,3
DA:13,3
LF:2
LH:2
BRF:0
BRH:0
end_of_record
TN:
SF:/var/www/deezer/src/components/search/index.js
FN:9,(anonymous_0)
FNF:1
FNH:1
FNDA:2,(anonymous_0)
DA:10,2
DA:11,2
LF:2
LH:2
BRF:0
BRH:0
end_of_record
