TN:
SF:/srv/http/test-deezer/mock/css.js
FNF:0
FNH:0
DA:1,4
DA:3,0
LF:2
LH:1
BRF:0
BRH:0
end_of_record
TN:
SF:/srv/http/test-deezer/src/components/button/index.js
FN:5,(anonymous_0)
FNF:1
FNH:1
FNDA:4,(anonymous_0)
DA:6,4
DA:7,4
DA:8,4
DA:9,3
DA:12,4
LF:5
LH:5
BRDA:8,0,0,3
BRDA:8,0,1,1
BRF:2
BRH:2
end_of_record
TN:
SF:/srv/http/test-deezer/src/components/datagrid/index.js
FN:18,(anonymous_0)
FN:22,(anonymous_1)
FN:27,(anonymous_2)
FN:32,(anonymous_3)
FN:36,(anonymous_4)
FN:44,(anonymous_5)
FN:49,(anonymous_6)
FN:50,(anonymous_7)
FN:58,(anonymous_8)
FN:59,(anonymous_9)
FN:62,(anonymous_10)
FNF:11
FNH:6
FNDA:1,(anonymous_0)
FNDA:0,(anonymous_1)
FNDA:0,(anonymous_2)
FNDA:0,(anonymous_3)
FNDA:1,(anonymous_4)
FNDA:3,(anonymous_5)
FNDA:0,(anonymous_6)
FNDA:0,(anonymous_7)
FNDA:1,(anonymous_8)
FNDA:1,(anonymous_9)
FNDA:3,(anonymous_10)
DA:19,1
DA:23,0
DA:24,0
DA:28,0
DA:29,0
DA:33,0
DA:37,1
DA:38,1
DA:40,1
DA:45,3
DA:49,0
DA:50,0
DA:58,1
DA:60,1
DA:63,3
LF:15
LH:8
BRDA:49,0,0,0
BRDA:49,0,1,3
BRDA:50,1,0,0
BRDA:50,1,1,3
BRDA:51,2,0,2
BRDA:51,2,1,1
BRDA:59,3,0,1
BRDA:59,3,1,1
BRDA:65,4,0,3
BRDA:65,4,1,2
BRDA:66,5,0,3
BRDA:66,5,1,1
BRDA:68,6,0,2
BRDA:68,6,1,1
BRDA:75,7,0,1
BRDA:75,7,1,0
BRDA:77,8,0,1
BRDA:77,8,1,0
BRDA:79,9,0,1
BRDA:79,9,1,1
BRDA:79,9,2,1
BRDA:79,9,3,0
BRF:22
BRH:17
end_of_record
TN:
SF:/srv/http/test-deezer/src/components/datagrid/itemHeader.js
FN:6,(anonymous_0)
FN:13,(anonymous_1)
FN:30,(anonymous_2)
FNF:3
FNH:3
FNDA:3,(anonymous_0)
FNDA:3,(anonymous_1)
FNDA:9,(anonymous_2)
DA:14,3
DA:15,3
DA:17,3
DA:18,1
DA:19,2
DA:20,1
DA:22,1
DA:25,3
DA:26,3
DA:37,9
DA:39,9
DA:41,9
DA:42,9
DA:43,1
DA:46,9
LF:15
LH:15
BRDA:14,0,0,3
BRDA:14,0,1,0
BRDA:14,1,0,3
BRDA:14,1,1,3
BRDA:17,2,0,1
BRDA:17,2,1,2
BRDA:19,3,0,1
BRDA:19,3,1,1
BRDA:42,4,0,1
BRDA:42,4,1,8
BRDA:50,5,0,9
BRDA:50,5,1,1
BRF:12
BRH:11
end_of_record
TN:
SF:/srv/http/test-deezer/src/components/input/index.js
FN:11,(anonymous_0)
FNF:1
FNH:1
FNDA:3,(anonymous_0)
DA:12,3
DA:13,3
LF:2
LH:2
BRF:0
BRH:0
end_of_record
TN:
SF:/srv/http/test-deezer/src/components/search/index.js
FN:9,(anonymous_0)
FNF:1
FNH:1
FNDA:2,(anonymous_0)
DA:10,2
DA:11,2
LF:2
LH:2
BRF:0
BRH:0
end_of_record
